#
# There is insufficient memory for the Java Runtime Environment to continue.
# Native memory allocation (malloc) failed to allocate 1048576 bytes for AllocateHeap
# Possible reasons:
#   The system is out of physical RAM or swap space
#   In 32 bit mode, the process size limit was hit
# Possible solutions:
#   Reduce memory load on the system
#   Increase physical memory or swap space
#   Check if swap backing store is full
#   Use 64 bit Java on a 64 bit OS
#   Decrease Java heap size (-Xmx/-Xms)
#   Decrease number of Java threads
#   Decrease Java thread stack sizes (-Xss)
#   Set larger code cache with -XX:ReservedCodeCacheSize=
# This output file may be truncated or incomplete.
#
#  Out of Memory Error (memory/allocation.inline.hpp:62), pid=5224, tid=2832
#
# JRE version:  (8.0_25-b18) (build )
# Java VM: Java HotSpot(TM) 64-Bit Server VM (25.25-b02 mixed mode windows-amd64 compressed oops)
# Failed to write core dump. Minidumps are not enabled by default on client versions of Windows
#

---------------  T H R E A D  ---------------

Current thread (0x00000000028a0800):  JavaThread "Unknown thread" [_thread_in_vm, id=2832, stack(0x00000000027a0000,0x00000000028a0000)]

Stack: [0x00000000027a0000,0x00000000028a0000]
Native frames: (J=compiled Java code, j=interpreted, Vv=VM code, C=native code)
V  [jvm.dll+0x31667a]
V  [jvm.dll+0x267073]
V  [jvm.dll+0x267cb3]
V  [jvm.dll+0x25f5b5]
V  [jvm.dll+0x3defbf]
V  [jvm.dll+0x3dfaff]
V  [jvm.dll+0x3dfc14]
V  [jvm.dll+0x3dfde3]
V  [jvm.dll+0xe53f2]
V  [jvm.dll+0x1f9b19]
V  [jvm.dll+0x22b2e4]
V  [jvm.dll+0x14d571]
C  [javaw.exe+0x20c6]
C  [javaw.exe+0xc9eb]
C  [javaw.exe+0xca7f]
C  [KERNEL32.DLL+0x16ad]
C  [ntdll.dll+0x54409]


---------------  P R O C E S S  ---------------

Java Threads: ( => current thread )

Other Threads:

=>0x00000000028a0800 (exited) JavaThread "Unknown thread" [_thread_in_vm, id=2832, stack(0x00000000027a0000,0x00000000028a0000)]

VM state:not at safepoint (normal execution)

VM Mutex/Monitor currently owned by a thread: None

Heap:
 PSYoungGen      total 18944K, used 327K [0x00000000eab00000, 0x00000000ec000000, 0x0000000100000000)
  eden space 16384K, 2% used [0x00000000eab00000,0x00000000eab51ec8,0x00000000ebb00000)
  from space 2560K, 0% used [0x00000000ebd80000,0x00000000ebd80000,0x00000000ec000000)
  to   space 2560K, 0% used [0x00000000ebb00000,0x00000000ebb00000,0x00000000ebd80000)
 ParOldGen       total 44032K, used 0K [0x00000000c0000000, 0x00000000c2b00000, 0x00000000eab00000)
  object space 44032K, 0% used [0x00000000c0000000,0x00000000c0000000,0x00000000c2b00000)
 Metaspace       used 654K, capacity 4480K, committed 4480K, reserved 1056768K
  class space    used 66K, capacity 384K, committed 384K, reserved 1048576K

Card table byte_map: [0x0000000011d60000,0x0000000011f70000] byte_map_base: 0x0000000011760000

Marking Bits: (ParMarkBitMap*) 0x000000006442d490
 Begin Bits: [0x00000000122d0000, 0x00000000132d0000)
 End Bits:   [0x00000000132d0000, 0x00000000142d0000)

Polling page: 0x0000000000c90000

CodeCache: size=245760Kb used=326Kb max_used=326Kb free=245433Kb
 bounds [0x00000000029a0000, 0x0000000002c10000, 0x00000000119a0000]
 total_blobs=55 nmethods=0 adapters=37
 compilation: enabled

Compilation events (0 events):
No events

GC Heap History (0 events):
No events

Deoptimization events (0 events):
No events

Internal exceptions (0 events):
No events

Events (10 events):
Event: 0.114 loading class java/lang/Short
Event: 0.114 loading class java/lang/Short done
Event: 0.114 loading class java/lang/Integer
Event: 0.114 loading class java/lang/Integer done
Event: 0.114 loading class java/lang/Long
Event: 0.114 loading class java/lang/Long done
Event: 0.115 loading class java/lang/NullPointerException
Event: 0.116 loading class java/lang/NullPointerException done
Event: 0.116 loading class java/lang/ArithmeticException
Event: 0.116 loading class java/lang/ArithmeticException done


Dynamic libraries:
0x00007ff609460000 - 0x00007ff609494000 	C:\Program Files\Java\jre1.8.0_25\bin\javaw.exe
0x00007ff8f6fe0000 - 0x00007ff8f7186000 	C:\Windows\SYSTEM32\ntdll.dll
0x00007ff8f6630000 - 0x00007ff8f676a000 	C:\Windows\system32\KERNEL32.DLL
0x00007ff8f44d0000 - 0x00007ff8f45df000 	C:\Windows\system32\KERNELBASE.dll
0x00007ff8f27a0000 - 0x00007ff8f2828000 	C:\Windows\system32\apphelp.dll
0x00007ff8e5de0000 - 0x00007ff8e5e2f000 	C:\Windows\AppPatch\AppPatch64\AcGenral.DLL
0x00007ff8f6af0000 - 0x00007ff8f6b97000 	C:\Windows\system32\msvcrt.dll
0x00007ff8f38e0000 - 0x00007ff8f390b000 	C:\Windows\SYSTEM32\SspiCli.dll
0x00007ff8f6840000 - 0x00007ff8f6891000 	C:\Windows\system32\SHLWAPI.dll
0x00007ff8f62d0000 - 0x00007ff8f6441000 	C:\Windows\system32\USER32.dll
0x00007ff8f60e0000 - 0x00007ff8f6258000 	C:\Windows\system32\ole32.dll
0x00007ff8f4930000 - 0x00007ff8f5d3f000 	C:\Windows\system32\SHELL32.dll
0x00007ff8f30d0000 - 0x00007ff8f30ee000 	C:\Windows\SYSTEM32\USERENV.dll
0x00007ff8f5d40000 - 0x00007ff8f5de5000 	C:\Windows\system32\ADVAPI32.dll
0x00007ff8edfd0000 - 0x00007ff8edfeb000 	C:\Windows\SYSTEM32\MPR.dll
0x00007ff8f6d40000 - 0x00007ff8f6e77000 	C:\Windows\system32\RPCRT4.dll
0x00007ff8f6260000 - 0x00007ff8f62b7000 	C:\Windows\SYSTEM32\sechost.dll
0x00007ff8f6910000 - 0x00007ff8f6ae6000 	C:\Windows\SYSTEM32\combase.dll
0x00007ff8f5df0000 - 0x00007ff8f5f34000 	C:\Windows\system32\GDI32.dll
0x00007ff8f4360000 - 0x00007ff8f4374000 	C:\Windows\SYSTEM32\profapi.dll
0x00007ff8f2200000 - 0x00007ff8f229f000 	C:\Windows\SYSTEM32\SHCORE.dll
0x00007ff8f68c0000 - 0x00007ff8f68f4000 	C:\Windows\system32\IMM32.DLL
0x00007ff8f5fa0000 - 0x00007ff8f60d9000 	C:\Windows\system32\MSCTF.dll
0x0000000064770000 - 0x000000006478b000 	C:\Windows\SysWOW64\AeroGlass\glasspwn.dll
0x00007ff8f4200000 - 0x00007ff8f42a2000 	C:\Windows\SysWOW64\AeroGlass\DWMGlass.dll
0x00007ff8f41f0000 - 0x00007ff8f41fa000 	C:\Windows\SYSTEM32\VERSION.dll
0x00007ff8f41e0000 - 0x00007ff8f41e7000 	C:\Windows\SYSTEM32\MSIMG32.dll
0x00007ff8f40b0000 - 0x00007ff8f41d1000 	C:\Windows\SYSTEM32\UxTheme.dll
0x00007ff8f3c40000 - 0x00007ff8f40a7000 	C:\Windows\SYSTEM32\d2d1.dll
0x00007ff8f3a30000 - 0x00007ff8f3c38000 	C:\Windows\SYSTEM32\d3d11.dll
0x00007ff8f3a10000 - 0x00007ff8f3a21000 	C:\Windows\SYSTEM32\WTSAPI32.dll
0x00007ff8f3990000 - 0x00007ff8f3a0f000 	C:\Windows\SYSTEM32\dxgi.dll
0x00007ff8f17f0000 - 0x00007ff8f1a4a000 	C:\Windows\WinSxS\amd64_microsoft.windows.common-controls_6595b64144ccf1df_6.0.9600.17031_none_6242a4b3ecbb55a1\COMCTL32.dll
0x0000000063aa0000 - 0x0000000063b72000 	C:\Program Files\Java\jre1.8.0_25\bin\msvcr100.dll
0x0000000063c50000 - 0x00000000644aa000 	C:\Program Files\Java\jre1.8.0_25\bin\server\jvm.dll
0x00007ff8ed9a0000 - 0x00007ff8ed9a9000 	C:\Windows\SYSTEM32\WSOCK32.dll
0x00007ff8f1bf0000 - 0x00007ff8f1c0f000 	C:\Windows\SYSTEM32\WINMM.dll
0x00007ff8f67d0000 - 0x00007ff8f67d7000 	C:\Windows\system32\PSAPI.DLL
0x00000000026e0000 - 0x0000000002738000 	C:\Windows\system32\WS2_32.dll
0x00007ff8f17c0000 - 0x00007ff8f17ea000 	C:\Windows\SYSTEM32\WINMMBASE.dll
0x00007ff8f62c0000 - 0x00007ff8f62c9000 	C:\Windows\system32\NSI.dll
0x00007ff8f4430000 - 0x00007ff8f447a000 	C:\Windows\SYSTEM32\cfgmgr32.dll
0x00007ff8f28c0000 - 0x00007ff8f28e6000 	C:\Windows\SYSTEM32\DEVOBJ.dll
0x0000000064680000 - 0x000000006468f000 	C:\Program Files\Java\jre1.8.0_25\bin\verify.dll
0x0000000064650000 - 0x0000000064678000 	C:\Program Files\Java\jre1.8.0_25\bin\java.dll
0x0000000064630000 - 0x0000000064646000 	C:\Program Files\Java\jre1.8.0_25\bin\zip.dll
0x00007ff8e0310000 - 0x00007ff8e0498000 	C:\Windows\SYSTEM32\dbghelp.dll

VM Arguments:
jvm_args: -Dfile.encoding=Cp1251 
java_command: Paid
java_class_path (initial): E:\Java\projects\mPaid_v.2.0\bin;E:\Java\java firebird driver\jaybird-full-2.2.5.jar;E:\temp\jfreechart-1.0.19\jfreechart-1.0.19\lib\jcommon-1.0.23.jar;E:\temp\jfreechart-1.0.19\jfreechart-1.0.19\lib\jfreechart-1.0.19.jar
Launcher Type: SUN_STANDARD

Environment Variables:
PATH=C:/Program Files/Java/jre1.8.0_25/bin/server;C:/Program Files/Java/jre1.8.0_25/bin;C:/Program Files/Java/jre1.8.0_25/lib/amd64;C:\ProgramData\Oracle\Java\javapath;C:\Windows\system32;C:\Windows;C:\Windows\System32\Wbem;C:\Windows\System32\WindowsPowerShell\v1.0\;E:\Java\eclipse;
USERNAME=Oleh
OS=Windows_NT
PROCESSOR_IDENTIFIER=Intel64 Family 6 Model 15 Stepping 13, GenuineIntel



---------------  S Y S T E M  ---------------

OS: Windows 8.1 , 64 bit Build 9600 

CPU:total 2 (2 cores per cpu, 1 threads per core) family 6 model 15 stepping 13, cmov, cx8, fxsr, mmx, sse, sse2, sse3, ssse3, tsc

Memory: 4k page, physical 4192692k(1134316k free), swap 5728692k(2884k free)

vm_info: Java HotSpot(TM) 64-Bit Server VM (25.25-b02) for windows-amd64 JRE (1.8.0_25-b18), built on Oct  7 2014 14:25:37 by "java_re" with MS VC++ 10.0 (VS2010)

time: Mon Nov 24 15:20:29 2014
elapsed time: 0 seconds (0d 0h 0m 0s)

